<?xml version="1.0" encoding="UTF-8"?>
<!-- Generated by org.testng.reporters.JUnitReportReporter -->
<testsuite hostname="Saravanans-MacBook-Pro.local" failures="0" tests="1" name="TestingMaven.Maven.SeleniumHomeTest" time="0.021" errors="0" timestamp="2022-04-15T16:31:37 PDT" skipped="0">
  <testcase classname="TestingMaven.Maven.SeleniumHomeTest" name="homePageTest" time="0.021"/>
  <system-out/>
</testsuite> <!-- TestingMaven.Maven.SeleniumHomeTest -->
