<?xml version="1.0" encoding="UTF-8"?>
<!-- Generated by org.testng.reporters.JUnitReportReporter -->
<testsuite hostname="Saravanans-MacBook-Pro.local" failures="0" tests="2" name="TestingMaven.Maven.SeleniumHomeTest" time="0.004" errors="0" timestamp="2022-04-18T11:12:20 PDT" skipped="0">
  <testcase classname="TestingMaven.Maven.SeleniumHomeTest" name="homePageTest" time="0.004"/>
  <system-out/>
  <testcase classname="TestingMaven.Maven.SeleniumHomeTest" name="homepage" time="0.000"/>
  <system-out/>
</testsuite> <!-- TestingMaven.Maven.SeleniumHomeTest -->
