<?xml version="1.0" encoding="UTF-8"?>
<!-- Generated by org.testng.reporters.JUnitReportReporter -->
<testsuite hostname="Saravanans-MacBook-Pro.local" failures="0" tests="1" name="TestingMaven.Maven.AnotherClassTest" time="0.000" errors="0" timestamp="2022-04-18T11:12:20 PDT" skipped="0">
  <testcase classname="TestingMaven.Maven.AnotherClassTest" name="sample" time="0.000"/>
  <system-out/>
</testsuite> <!-- TestingMaven.Maven.AnotherClassTest -->
